10:14:012, 2, 0, 555
Groups:Fixed statuses: 0
Deleted: Array
(
    [0] => 3501
    [1] => 5032
    [2] => 5034
    [3] => 5036
    [4] => 5038
    [5] => 5040
    [6] => 5041
    [7] => 5043
    [8] => 5044
    [9] => 5046
    [10] => 5048
    [11] => 5049
    [12] => 5051
    [13] => 5053
    [14] => 5054
    [15] => 5055
    [16] => 5056
    [17] => 5058
    [18] => 5060
    [19] => 5062
    [20] => 5063
    [21] => 5066
    [22] => 5067
    [23] => 5069
    [24] => 5071
    [25] => 5073
    [26] => 5075
    [27] => 5077
    [28] => 5079
    [29] => 5081
    [30] => 5083
    [31] => 5085
    [32] => 5087
    [33] => 5089
    [34] => 5091
    [35] => 5093
    [36] => 5095
    [37] => 5097
    [38] => 5099
    [39] => 5101
    [40] => 5103
    [41] => 5105
    [42] => 5107
    [43] => 5109
    [44] => 5111
    [45] => 5113
    [46] => 5115
    [47] => 5117
    [48] => 5119
    [49] => 5121
    [50] => 5123
    [51] => 5125
    [52] => 5127
    [53] => 5130
    [54] => 5131
    [55] => 5133
    [56] => 5134
    [57] => 5135
    [58] => 5136
    [59] => 5137
    [60] => 5138
    [61] => 5140
    [62] => 5142
    [63] => 5144
    [64] => 5146
    [65] => 5148
    [66] => 5150
    [67] => 5152
    [68] => 5153
    [69] => 5155
    [70] => 5157
    [71] => 5159
    [72] => 5161
    [73] => 5163
    [74] => 5165
    [75] => 5167
    [76] => 5169
    [77] => 5171
    [78] => 5173
    [79] => 5175
    [80] => 5177
    [81] => 5179
    [82] => 5181
    [83] => 5183
    [84] => 5185
    [85] => 5187
    [86] => 5189
    [87] => 5191
    [88] => 5193
    [89] => 5195
    [90] => 5197
    [91] => 5199
    [92] => 5201
    [93] => 5203
    [94] => 5205
    [95] => 5207
    [96] => 5209
    [97] => 5211
    [98] => 5213
    [99] => 5215
    [100] => 5217
    [101] => 5219
    [102] => 5221
    [103] => 5223
    [104] => 5225
    [105] => 5227
    [106] => 5229
    [107] => 5231
    [108] => 5233
    [109] => 5235
    [110] => 5237
    [111] => 5239
    [112] => 5241
    [113] => 5243
    [114] => 5245
    [115] => 5247
    [116] => 5249
    [117] => 5251
    [118] => 5253
    [119] => 5255
    [120] => 5257
    [121] => 5258
    [122] => 5260
    [123] => 5261
    [124] => 5263
    [125] => 5265
    [126] => 5267
    [127] => 5269
    [128] => 5271
    [129] => 5273
    [130] => 5275
    [131] => 5277
    [132] => 5279
    [133] => 5281
    [134] => 5283
    [135] => 5285
    [136] => 5287
    [137] => 5289
    [138] => 5291
    [139] => 5293
    [140] => 5295
    [141] => 5297
    [142] => 5299
    [143] => 5301
    [144] => 5303
    [145] => 5305
    [146] => 5307
    [147] => 5309
    [148] => 5310
    [149] => 5311
    [150] => 5313
    [151] => 5315
    [152] => 5317
    [153] => 5319
    [154] => 5324
    [155] => 5326
    [156] => 5328
    [157] => 5330
    [158] => 5332
    [159] => 5334
    [160] => 5338
    [161] => 5340
    [162] => 5342
    [163] => 5344
    [164] => 5346
    [165] => 5348
    [166] => 5350
    [167] => 5352
    [168] => 5354
    [169] => 5355
    [170] => 5356
    [171] => 5357
    [172] => 5358
    [173] => 5360
    [174] => 5363
    [175] => 5365
    [176] => 5367
    [177] => 5369
    [178] => 5371
    [179] => 5373
    [180] => 5375
    [181] => 5377
    [182] => 5379
    [183] => 5381
    [184] => 5383
    [185] => 5385
    [186] => 5387
    [187] => 5389
    [188] => 5391
    [189] => 5393
    [190] => 5395
    [191] => 5397
    [192] => 5399
    [193] => 5401
    [194] => 5402
    [195] => 5404
    [196] => 5406
    [197] => 5410
    [198] => 5412
    [199] => 5416
    [200] => 5418
    [201] => 5420
    [202] => 5422
    [203] => 5424
    [204] => 5426
    [205] => 5428
    [206] => 5430
    [207] => 5432
    [208] => 5434
    [209] => 5436
    [210] => 5438
    [211] => 5439
    [212] => 5441
    [213] => 5443
    [214] => 5445
    [215] => 5447
    [216] => 5449
    [217] => 5451
    [218] => 5453
    [219] => 5455
    [220] => 5457
    [221] => 5459
    [222] => 5461
    [223] => 5463
    [224] => 5465
    [225] => 5467
    [226] => 5470
    [227] => 5474
    [228] => 5476
    [229] => 5478
    [230] => 5480
    [231] => 5482
    [232] => 5484
    [233] => 5486
    [234] => 5488
    [235] => 5490
    [236] => 5492
    [237] => 5496
    [238] => 5498
    [239] => 5500
    [240] => 5502
    [241] => 5503
    [242] => 5504
    [243] => 5505
    [244] => 5506
    [245] => 5507
    [246] => 5508
    [247] => 5510
    [248] => 5512
    [249] => 5514
    [250] => 5516
    [251] => 5518
    [252] => 5520
    [253] => 5522
    [254] => 5524
    [255] => 5526
    [256] => 5528
    [257] => 5530
    [258] => 5532
    [259] => 5534
    [260] => 5536
    [261] => 5538
    [262] => 5540
    [263] => 5542
    [264] => 5544
    [265] => 5546
    [266] => 5548
    [267] => 5550
    [268] => 5552
    [269] => 5554
    [270] => 5556
    [271] => 5558
    [272] => 5560
    [273] => 5562
    [274] => 5564
    [275] => 5566
    [276] => 5568
    [277] => 5570
    [278] => 5572
    [279] => 5574
    [280] => 5576
    [281] => 5578
    [282] => 5580
    [283] => 5582
    [284] => 5584
    [285] => 5586
    [286] => 5588
    [287] => 5590
    [288] => 5594
    [289] => 5596
    [290] => 5598
    [291] => 5600
    [292] => 5601
    [293] => 5602
    [294] => 5603
    [295] => 5604
    [296] => 5605
    [297] => 5606
    [298] => 5607
    [299] => 5608
    [300] => 5609
    [301] => 5610
    [302] => 5611
    [303] => 5615
    [304] => 5617
    [305] => 5619
    [306] => 5621
    [307] => 5623
    [308] => 5625
    [309] => 5627
    [310] => 5629
    [311] => 5631
    [312] => 5633
    [313] => 5635
    [314] => 5637
    [315] => 5639
    [316] => 5641
    [317] => 5643
    [318] => 5645
    [319] => 5647
    [320] => 5649
    [321] => 5651
    [322] => 5653
    [323] => 5655
    [324] => 5657
    [325] => 5659
    [326] => 5660
    [327] => 5661
    [328] => 5662
    [329] => 5664
    [330] => 5666
    [331] => 5668
    [332] => 5671
    [333] => 5673
    [334] => 5675
    [335] => 5677
    [336] => 5679
    [337] => 5681
    [338] => 5684
    [339] => 5687
    [340] => 5689
    [341] => 5691
    [342] => 5693
    [343] => 5695
    [344] => 5697
    [345] => 5699
    [346] => 5705
    [347] => 5708
    [348] => 5710
    [349] => 5712
    [350] => 5714
    [351] => 5716
    [352] => 5718
    [353] => 5720
    [354] => 5722
    [355] => 5724
    [356] => 5726
    [357] => 5728
    [358] => 5730
    [359] => 5732
    [360] => 5734
    [361] => 5736
    [362] => 5738
    [363] => 5740
    [364] => 5742
    [365] => 5744
    [366] => 5746
    [367] => 5748
    [368] => 5750
    [369] => 5752
    [370] => 5754
    [371] => 5756
    [372] => 5758
    [373] => 5760
    [374] => 5762
    [375] => 5764
    [376] => 5766
    [377] => 5768
    [378] => 5770
    [379] => 5772
    [380] => 5774
    [381] => 5776
    [382] => 5778
    [383] => 5780
    [384] => 5782
    [385] => 5784
    [386] => 5786
    [387] => 5788
    [388] => 5790
    [389] => 5792
    [390] => 5794
    [391] => 5796
    [392] => 5798
    [393] => 5801
    [394] => 5803
    [395] => 5805
    [396] => 5807
    [397] => 5809
    [398] => 5811
    [399] => 5813
    [400] => 5815
    [401] => 5817
    [402] => 5819
    [403] => 5821
    [404] => 5823
    [405] => 5825
    [406] => 5827
    [407] => 5829
    [408] => 5831
    [409] => 5833
    [410] => 5835
    [411] => 5837
    [412] => 5839
    [413] => 5841
    [414] => 5843
    [415] => 5845
    [416] => 5847
    [417] => 5849
    [418] => 5851
    [419] => 5853
    [420] => 5855
    [421] => 5857
    [422] => 5859
    [423] => 5860
    [424] => 5861
    [425] => 5862
    [426] => 5863
    [427] => 5864
    [428] => 5865
    [429] => 5866
    [430] => 5867
    [431] => 5868
    [432] => 5869
    [433] => 5870
    [434] => 5871
    [435] => 5872
    [436] => 5873
    [437] => 5875
    [438] => 5877
    [439] => 5879
    [440] => 5881
    [441] => 5883
    [442] => 5885
    [443] => 5886
    [444] => 5888
    [445] => 5890
    [446] => 5892
    [447] => 5894
    [448] => 5896
    [449] => 5898
    [450] => 5900
    [451] => 5904
    [452] => 5906
    [453] => 5908
    [454] => 5910
    [455] => 5912
    [456] => 5914
    [457] => 5916
    [458] => 5918
    [459] => 5920
    [460] => 5922
    [461] => 5925
    [462] => 5927
    [463] => 5929
    [464] => 5931
    [465] => 5933
    [466] => 5935
    [467] => 5937
    [468] => 5939
    [469] => 5941
    [470] => 5943
    [471] => 5945
    [472] => 5950
    [473] => 5951
    [474] => 5952
    [475] => 5954
    [476] => 5956
    [477] => 5958
    [478] => 5960
    [479] => 5962
    [480] => 5964
    [481] => 5966
    [482] => 5968
    [483] => 5970
    [484] => 5972
    [485] => 5974
    [486] => 5976
    [487] => 5978
    [488] => 5980
    [489] => 5982
    [490] => 5984
    [491] => 5986
    [492] => 5988
    [493] => 5990
    [494] => 5992
    [495] => 5994
    [496] => 5996
    [497] => 5998
    [498] => 6000
    [499] => 6002
    [500] => 6004
    [501] => 6006
    [502] => 6008
    [503] => 6010
    [504] => 6011
    [505] => 6012
    [506] => 6013
    [507] => 6014
    [508] => 6015
    [509] => 6016
    [510] => 6017
    [511] => 6018
    [512] => 6019
    [513] => 6021
    [514] => 6025
    [515] => 6027
    [516] => 6029
    [517] => 6031
    [518] => 6033
    [519] => 6035
    [520] => 6037
    [521] => 6039
    [522] => 6041
    [523] => 6043
    [524] => 6044
    [525] => 6045
    [526] => 6047
    [527] => 6049
    [528] => 6051
    [529] => 6054
    [530] => 6056
    [531] => 6058
    [532] => 6062
    [533] => 6064
    [534] => 6066
    [535] => 6068
    [536] => 6070
    [537] => 6072
    [538] => 6074
    [539] => 6075
    [540] => 6076
    [541] => 6077
    [542] => 6078
    [543] => 6079
    [544] => 6080
    [545] => 6081
    [546] => 6082
    [547] => 6083
    [548] => 6084
    [549] => 6085
    [550] => 6088
    [551] => 6090
    [552] => 6092
    [553] => 6094
)
Array
(
    [id] => 215
    [group_type] => 1
    [name] => Tallinna Ülikool / Üliõpilane
    [user] => 0
    [address] => 
    [country] => 
    [phone] => 
    [fax] => 
    [email] => 
    [website] => 
    [type] => 0
    [typex] => 0
    [entrydate] => 0000-00-00 00:00:00
    [isic_school] => 2
    [isic_card_type] => 
    [allowed_card_types_view] => 11,2
    [allowed_card_types_add] => 11,2
    [user_status_id] => 2
    [automatic] => 0
    [addtime] => 2010-08-10 12:27:40
    [adduser] => 21087
    [modtime] => 2012-09-13 09:28:15
    [moduser] => 33063
)
done ...10:14:02