10:19:562, 2, 1, 462
Groups:Fixed statuses: 0
Deleted: Array
(
    [0] => 3285
    [1] => 5033
    [2] => 5035
    [3] => 5037
    [4] => 5039
    [5] => 5042
    [6] => 5045
    [7] => 5047
    [8] => 5050
    [9] => 5052
    [10] => 5057
    [11] => 5059
    [12] => 5061
    [13] => 5068
    [14] => 5070
    [15] => 5072
    [16] => 5074
    [17] => 5076
    [18] => 5078
    [19] => 5080
    [20] => 5082
    [21] => 5084
    [22] => 5086
    [23] => 5088
    [24] => 5090
    [25] => 5092
    [26] => 5094
    [27] => 5096
    [28] => 5098
    [29] => 5100
    [30] => 5102
    [31] => 5104
    [32] => 5106
    [33] => 5108
    [34] => 5110
    [35] => 5112
    [36] => 5114
    [37] => 5116
    [38] => 5118
    [39] => 5120
    [40] => 5122
    [41] => 5124
    [42] => 5126
    [43] => 5128
    [44] => 5139
    [45] => 5141
    [46] => 5143
    [47] => 5145
    [48] => 5147
    [49] => 5149
    [50] => 5151
    [51] => 5156
    [52] => 5158
    [53] => 5160
    [54] => 5162
    [55] => 5164
    [56] => 5166
    [57] => 5168
    [58] => 5170
    [59] => 5172
    [60] => 5174
    [61] => 5176
    [62] => 5178
    [63] => 5180
    [64] => 5182
    [65] => 5184
    [66] => 5186
    [67] => 5188
    [68] => 5190
    [69] => 5192
    [70] => 5194
    [71] => 5196
    [72] => 5198
    [73] => 5200
    [74] => 5202
    [75] => 5204
    [76] => 5206
    [77] => 5208
    [78] => 5210
    [79] => 5212
    [80] => 5214
    [81] => 5216
    [82] => 5218
    [83] => 5220
    [84] => 5222
    [85] => 5224
    [86] => 5226
    [87] => 5228
    [88] => 5230
    [89] => 5232
    [90] => 5234
    [91] => 5236
    [92] => 5238
    [93] => 5240
    [94] => 5242
    [95] => 5244
    [96] => 5246
    [97] => 5248
    [98] => 5250
    [99] => 5252
    [100] => 5254
    [101] => 5256
    [102] => 5259
    [103] => 5262
    [104] => 5264
    [105] => 5266
    [106] => 5268
    [107] => 5270
    [108] => 5272
    [109] => 5274
    [110] => 5276
    [111] => 5278
    [112] => 5280
    [113] => 5282
    [114] => 5284
    [115] => 5286
    [116] => 5288
    [117] => 5290
    [118] => 5292
    [119] => 5294
    [120] => 5296
    [121] => 5298
    [122] => 5300
    [123] => 5302
    [124] => 5304
    [125] => 5306
    [126] => 5308
    [127] => 5312
    [128] => 5314
    [129] => 5316
    [130] => 5318
    [131] => 5320
    [132] => 5325
    [133] => 5327
    [134] => 5329
    [135] => 5331
    [136] => 5333
    [137] => 5335
    [138] => 5339
    [139] => 5341
    [140] => 5343
    [141] => 5345
    [142] => 5347
    [143] => 5349
    [144] => 5351
    [145] => 5353
    [146] => 5364
    [147] => 5366
    [148] => 5368
    [149] => 5370
    [150] => 5372
    [151] => 5374
    [152] => 5376
    [153] => 5378
    [154] => 5380
    [155] => 5382
    [156] => 5384
    [157] => 5386
    [158] => 5388
    [159] => 5390
    [160] => 5392
    [161] => 5394
    [162] => 5396
    [163] => 5398
    [164] => 5400
    [165] => 5403
    [166] => 5405
    [167] => 5407
    [168] => 5411
    [169] => 5413
    [170] => 5417
    [171] => 5419
    [172] => 5421
    [173] => 5423
    [174] => 5425
    [175] => 5427
    [176] => 5429
    [177] => 5431
    [178] => 5433
    [179] => 5435
    [180] => 5437
    [181] => 5440
    [182] => 5442
    [183] => 5444
    [184] => 5446
    [185] => 5448
    [186] => 5450
    [187] => 5452
    [188] => 5454
    [189] => 5456
    [190] => 5458
    [191] => 5460
    [192] => 5462
    [193] => 5464
    [194] => 5466
    [195] => 5468
    [196] => 5471
    [197] => 5475
    [198] => 5477
    [199] => 5479
    [200] => 5481
    [201] => 5483
    [202] => 5485
    [203] => 5487
    [204] => 5489
    [205] => 5491
    [206] => 5493
    [207] => 5497
    [208] => 5499
    [209] => 5501
    [210] => 5511
    [211] => 5513
    [212] => 5515
    [213] => 5517
    [214] => 5519
    [215] => 5521
    [216] => 5523
    [217] => 5525
    [218] => 5527
    [219] => 5529
    [220] => 5531
    [221] => 5533
    [222] => 5535
    [223] => 5537
    [224] => 5539
    [225] => 5541
    [226] => 5543
    [227] => 5545
    [228] => 5547
    [229] => 5549
    [230] => 5551
    [231] => 5553
    [232] => 5555
    [233] => 5557
    [234] => 5559
    [235] => 5561
    [236] => 5563
    [237] => 5565
    [238] => 5567
    [239] => 5569
    [240] => 5571
    [241] => 5573
    [242] => 5575
    [243] => 5577
    [244] => 5579
    [245] => 5581
    [246] => 5583
    [247] => 5585
    [248] => 5587
    [249] => 5589
    [250] => 5591
    [251] => 5595
    [252] => 5597
    [253] => 5599
    [254] => 5616
    [255] => 5618
    [256] => 5620
    [257] => 5622
    [258] => 5624
    [259] => 5626
    [260] => 5628
    [261] => 5630
    [262] => 5632
    [263] => 5634
    [264] => 5636
    [265] => 5638
    [266] => 5640
    [267] => 5642
    [268] => 5644
    [269] => 5646
    [270] => 5648
    [271] => 5650
    [272] => 5652
    [273] => 5654
    [274] => 5656
    [275] => 5658
    [276] => 5663
    [277] => 5665
    [278] => 5667
    [279] => 5669
    [280] => 5672
    [281] => 5674
    [282] => 5676
    [283] => 5678
    [284] => 5680
    [285] => 5682
    [286] => 5685
    [287] => 5688
    [288] => 5690
    [289] => 5692
    [290] => 5694
    [291] => 5696
    [292] => 5698
    [293] => 5700
    [294] => 5709
    [295] => 5711
    [296] => 5713
    [297] => 5715
    [298] => 5717
    [299] => 5719
    [300] => 5721
    [301] => 5723
    [302] => 5725
    [303] => 5727
    [304] => 5729
    [305] => 5731
    [306] => 5733
    [307] => 5735
    [308] => 5737
    [309] => 5739
    [310] => 5741
    [311] => 5743
    [312] => 5745
    [313] => 5747
    [314] => 5749
    [315] => 5751
    [316] => 5753
    [317] => 5755
    [318] => 5757
    [319] => 5759
    [320] => 5761
    [321] => 5763
    [322] => 5765
    [323] => 5767
    [324] => 5769
    [325] => 5771
    [326] => 5773
    [327] => 5775
    [328] => 5777
    [329] => 5779
    [330] => 5781
    [331] => 5783
    [332] => 5785
    [333] => 5787
    [334] => 5789
    [335] => 5791
    [336] => 5793
    [337] => 5795
    [338] => 5797
    [339] => 5799
    [340] => 5802
    [341] => 5804
    [342] => 5806
    [343] => 5808
    [344] => 5810
    [345] => 5812
    [346] => 5814
    [347] => 5816
    [348] => 5818
    [349] => 5820
    [350] => 5822
    [351] => 5824
    [352] => 5826
    [353] => 5828
    [354] => 5830
    [355] => 5832
    [356] => 5834
    [357] => 5836
    [358] => 5838
    [359] => 5840
    [360] => 5842
    [361] => 5844
    [362] => 5846
    [363] => 5848
    [364] => 5850
    [365] => 5852
    [366] => 5854
    [367] => 5856
    [368] => 5858
    [369] => 5874
    [370] => 5876
    [371] => 5878
    [372] => 5880
    [373] => 5882
    [374] => 5884
    [375] => 5887
    [376] => 5889
    [377] => 5891
    [378] => 5893
    [379] => 5895
    [380] => 5897
    [381] => 5899
    [382] => 5901
    [383] => 5905
    [384] => 5907
    [385] => 5909
    [386] => 5911
    [387] => 5913
    [388] => 5915
    [389] => 5917
    [390] => 5919
    [391] => 5921
    [392] => 5923
    [393] => 5926
    [394] => 5928
    [395] => 5930
    [396] => 5932
    [397] => 5934
    [398] => 5936
    [399] => 5938
    [400] => 5940
    [401] => 5942
    [402] => 5944
    [403] => 5946
    [404] => 5953
    [405] => 5955
    [406] => 5957
    [407] => 5959
    [408] => 5961
    [409] => 5963
    [410] => 5965
    [411] => 5967
    [412] => 5969
    [413] => 5971
    [414] => 5973
    [415] => 5975
    [416] => 5977
    [417] => 5979
    [418] => 5981
    [419] => 5983
    [420] => 5985
    [421] => 5987
    [422] => 5989
    [423] => 5991
    [424] => 5993
    [425] => 5995
    [426] => 5997
    [427] => 5999
    [428] => 6001
    [429] => 6003
    [430] => 6005
    [431] => 6007
    [432] => 6009
    [433] => 6020
    [434] => 6022
    [435] => 6026
    [436] => 6028
    [437] => 6030
    [438] => 6032
    [439] => 6034
    [440] => 6036
    [441] => 6038
    [442] => 6040
    [443] => 6042
    [444] => 6046
    [445] => 6048
    [446] => 6050
    [447] => 6052
    [448] => 6055
    [449] => 6057
    [450] => 6059
    [451] => 6063
    [452] => 6065
    [453] => 6067
    [454] => 6069
    [455] => 6071
    [456] => 6073
    [457] => 6089
    [458] => 6091
    [459] => 6093
    [460] => 6095
)
Array
(
    [id] => 2811
    [group_type] => 1
    [name] => Tallinna Ülikool / Üliõpilane / (auto)
    [user] => 0
    [address] => 
    [country] => 
    [phone] => 
    [fax] => 
    [email] => 
    [website] => 
    [type] => 0
    [typex] => 0
    [entrydate] => 0000-00-00 00:00:00
    [isic_school] => 2
    [isic_card_type] => 
    [allowed_card_types_view] => 11,2
    [allowed_card_types_add] => 11,2
    [user_status_id] => 2
    [automatic] => 1
    [addtime] => 2011-04-15 04:03:24
    [adduser] => 21087
    [modtime] => 2011-09-21 15:10:33
    [moduser] => 33063
)
done ...10:19:57